Using pre-set license
Built from '2020.3/staging' branch; Version is '2020.3.9f1 (108be757e447) revision 1084391'; Using compiler version '192528614'; Build Type 'Release'
OS: 'Windows 10 Pro; OS build 19045.3448; Version 2009; 64bit' Language: 'ko' Physical Memory: 16235 MB
BatchMode: 1, IsHumanControllingUs: 0, StartBugReporterOnCrash: 0, Is64bit: 1, IsPro: 0

 COMMAND LINE ARGUMENTS:
C:\Program Files\Unity\Hub\Editor\2020.3.9f1\Editor\Unity.exe
-adb2
-batchMode
-noUpm
-name
AssetImportWorker1
-projectPath
C:/Users/user/Documents/GitHub/TeamCat
-logFile
Logs/AssetImportWorker1.log
-srvPort
53046
Successfully changed project path to: C:/Users/user/Documents/GitHub/TeamCat
C:/Users/user/Documents/GitHub/TeamCat
Using Asset Import Pipeline V2.
Refreshing native plugins compatible for Editor in 36.39 ms, found 1 plugins.
Preloading 0 native plugins for Editor in 0.00 ms.
Initialize engine version: 2020.3.9f1 (108be757e447)
[Subsystems] Discovering subsystems at path C:/Program Files/Unity/Hub/Editor/2020.3.9f1/Editor/Data/Resources/UnitySubsystems
[Subsystems] Discovering subsystems at path C:/Users/user/Documents/GitHub/TeamCat/Assets
GfxDevice: creating device client; threaded=0
Direct3D:
    Version:  Direct3D 11.0 [level 11.1]
    Renderer: NVIDIA GeForce RTX 3060 Ti (ID=0x2489)
    Vendor:   
    VRAM:     8038 MB
    Driver:   31.0.15.3623
Initialize mono
Mono path[0] = 'C:/Program Files/Unity/Hub/Editor/2020.3.9f1/Editor/Data/Managed'
Mono path[1] = 'C:/Program Files/Unity/Hub/Editor/2020.3.9f1/Editor/Data/MonoBleedingEdge/lib/mono/unityjit'
Mono config path = 'C:/Program Files/Unity/Hub/Editor/2020.3.9f1/Editor/Data/MonoBleedingEdge/etc'
Using monoOptions --debugger-agent=transport=dt_socket,embedding=1,server=y,suspend=n,address=127.0.0.1:56460
Begin MonoManager ReloadAssembly
Registering precompiled unity dll's ...
Register platform support module: C:/Program Files/Unity/Hub/Editor/2020.3.9f1/Editor/Data/PlaybackEngines/WindowsStandaloneSupport/UnityEditor.WindowsStandalone.Extensions.dll
Registered in 0.001722 seconds.
Native extension for WindowsStandalone target not found
Refreshing native plugins compatible for Editor in 36.06 ms, found 1 plugins.
Preloading 0 native plugins for Editor in 0.00 ms.
Mono: successfully reloaded assembly
- Completed reload, in  1.630 seconds
Platform modules already initialized, skipping
Registering precompiled user dll's ...
Registered in 0.000738 seconds.
Begin MonoManager ReloadAssembly
Native extension for WindowsStandalone target not found
Refreshing native plugins compatible for Editor in 36.35 ms, found 1 plugins.
Preloading 0 native plugins for Editor in 0.00 ms.
Mono: successfully reloaded assembly
- Completed reload, in  0.857 seconds
Platform modules already initialized, skipping
========================================================================
Worker process is ready to serve import requests
Launched and connected shader compiler UnityShaderCompiler.exe after 0.04 seconds
Refreshing native plugins compatible for Editor in 0.22 ms, found 1 plugins.
Preloading 0 native plugins for Editor in 0.00 ms.
Unloading 1844 Unused Serialized files (Serialized files now loaded: 0)
System memory in use before: 87.8 MB.
System memory in use after: 87.7 MB.

Unloading 24 unused Assets to reduce memory usage. Loaded Objects now: 2288.
Total: 1.264800 ms (FindLiveObjects: 0.089700 ms CreateObjectMapping: 0.024200 ms MarkObjects: 1.067500 ms  DeleteObjects: 0.082500 ms)

========================================================================
Received Import Request.
  path: Assets/TextMesh Pro/Fonts/MYYeongnamnu SDF.asset
  artifactKey: Guid(897d2196f89ead4429368790ed374e56) Importer(815301076,1909f56bfc062723c751e8b465ee728b)
Start importing Assets/TextMesh Pro/Fonts/MYYeongnamnu SDF.asset using Guid(897d2196f89ead4429368790ed374e56) Importer(815301076,1909f56bfc062723c751e8b465ee728b)  -> (artifact id: '2e7eaf5bb106cd988834de17c441f0be') in 0.158790 seconds
  Import took 0.162081 seconds .

========================================================================
Received Prepare
Registering precompiled user dll's ...
Registered in 0.000804 seconds.
Begin MonoManager ReloadAssembly
Native extension for WindowsStandalone target not found
Refreshing native plugins compatible for Editor in 0.45 ms, found 1 plugins.
Preloading 0 native plugins for Editor in 0.00 ms.
Mono: successfully reloaded assembly
- Completed reload, in  0.779 seconds
Platform modules already initialized, skipping
Refreshing native plugins compatible for Editor in 0.35 ms, found 1 plugins.
Preloading 0 native plugins for Editor in 0.00 ms.
Unloading 1826 Unused Serialized files (Serialized files now loaded: 0)
System memory in use before: 89.8 MB.
System memory in use after: 89.7 MB.

Unloading 12 unused Assets to reduce memory usage. Loaded Objects now: 2334.
Total: 1.784200 ms (FindLiveObjects: 0.246000 ms CreateObjectMapping: 0.047600 ms MarkObjects: 1.391500 ms  DeleteObjects: 0.097900 ms)

========================================================================
Received Prepare
Registering precompiled user dll's ...
Registered in 0.000749 seconds.
Begin MonoManager ReloadAssembly
Native extension for WindowsStandalone target not found
Refreshing native plugins compatible for Editor in 0.35 ms, found 1 plugins.
Preloading 0 native plugins for Editor in 0.00 ms.
Mono: successfully reloaded assembly
- Completed reload, in  0.773 seconds
Platform modules already initialized, skipping
Refreshing native plugins compatible for Editor in 0.34 ms, found 1 plugins.
Preloading 0 native plugins for Editor in 0.00 ms.
Unloading 1826 Unused Serialized files (Serialized files now loaded: 0)
System memory in use before: 89.8 MB.
System memory in use after: 89.8 MB.

Unloading 12 unused Assets to reduce memory usage. Loaded Objects now: 2338.
Total: 1.917500 ms (FindLiveObjects: 0.220400 ms CreateObjectMapping: 0.046500 ms MarkObjects: 1.539000 ms  DeleteObjects: 0.110300 ms)

========================================================================
Received Prepare
Registering precompiled user dll's ...
Registered in 0.000761 seconds.
Begin MonoManager ReloadAssembly
Native extension for WindowsStandalone target not found
Refreshing native plugins compatible for Editor in 0.35 ms, found 1 plugins.
Preloading 0 native plugins for Editor in 0.00 ms.
Mono: successfully reloaded assembly
- Completed reload, in  0.770 seconds
Platform modules already initialized, skipping
Refreshing native plugins compatible for Editor in 0.35 ms, found 1 plugins.
Preloading 0 native plugins for Editor in 0.00 ms.
Unloading 1826 Unused Serialized files (Serialized files now loaded: 0)
System memory in use before: 89.8 MB.
System memory in use after: 89.8 MB.

Unloading 12 unused Assets to reduce memory usage. Loaded Objects now: 2342.
Total: 1.791700 ms (FindLiveObjects: 0.199100 ms CreateObjectMapping: 0.046000 ms MarkObjects: 1.447000 ms  DeleteObjects: 0.098600 ms)

========================================================================
Received Prepare
Registering precompiled user dll's ...
Registered in 0.000973 seconds.
Begin MonoManager ReloadAssembly
Native extension for WindowsStandalone target not found
Refreshing native plugins compatible for Editor in 0.40 ms, found 1 plugins.
Preloading 0 native plugins for Editor in 0.00 ms.
Mono: successfully reloaded assembly
- Completed reload, in  0.736 seconds
Platform modules already initialized, skipping
Refreshing native plugins compatible for Editor in 0.37 ms, found 1 plugins.
Preloading 0 native plugins for Editor in 0.00 ms.
Unloading 1826 Unused Serialized files (Serialized files now loaded: 0)
System memory in use before: 89.8 MB.
System memory in use after: 89.8 MB.

Unloading 12 unused Assets to reduce memory usage. Loaded Objects now: 2346.
Total: 1.772600 ms (FindLiveObjects: 0.239400 ms CreateObjectMapping: 0.061800 ms MarkObjects: 1.364600 ms  DeleteObjects: 0.105800 ms)

========================================================================
Received Import Request.
  Time since last request: 365.835683 seconds.
  path: Assets/TextMesh Pro/Fonts/MYYeongnamnu SDF.asset
  artifactKey: Guid(897d2196f89ead4429368790ed374e56) Importer(815301076,1909f56bfc062723c751e8b465ee728b)
Start importing Assets/TextMesh Pro/Fonts/MYYeongnamnu SDF.asset using Guid(897d2196f89ead4429368790ed374e56) Importer(815301076,1909f56bfc062723c751e8b465ee728b)  -> (artifact id: 'c5c764b6ec9891bb16e627e46430422a') in 0.088809 seconds
  Import took 0.091483 seconds .

========================================================================
Received Prepare
Registering precompiled user dll's ...
Registered in 0.000984 seconds.
Begin MonoManager ReloadAssembly
Native extension for WindowsStandalone target not found
Refreshing native plugins compatible for Editor in 0.43 ms, found 1 plugins.
Preloading 0 native plugins for Editor in 0.00 ms.
Mono: successfully reloaded assembly
- Completed reload, in  0.767 seconds
Platform modules already initialized, skipping
Refreshing native plugins compatible for Editor in 0.44 ms, found 1 plugins.
Preloading 0 native plugins for Editor in 0.00 ms.
Unloading 1826 Unused Serialized files (Serialized files now loaded: 0)
System memory in use before: 89.9 MB.
System memory in use after: 89.8 MB.

Unloading 12 unused Assets to reduce memory usage. Loaded Objects now: 2352.
Total: 1.819300 ms (FindLiveObjects: 0.222600 ms CreateObjectMapping: 0.044900 ms MarkObjects: 1.442400 ms  DeleteObjects: 0.107700 ms)

========================================================================
Received Prepare
Registering precompiled user dll's ...
Registered in 0.000810 seconds.
Begin MonoManager ReloadAssembly
Native extension for WindowsStandalone target not found
Refreshing native plugins compatible for Editor in 0.35 ms, found 1 plugins.
Preloading 0 native plugins for Editor in 0.00 ms.
Mono: successfully reloaded assembly
- Completed reload, in  0.768 seconds
Platform modules already initialized, skipping
Refreshing native plugins compatible for Editor in 0.36 ms, found 1 plugins.
Preloading 0 native plugins for Editor in 0.00 ms.
Unloading 1826 Unused Serialized files (Serialized files now loaded: 0)
System memory in use before: 89.9 MB.
System memory in use after: 89.8 MB.

Unloading 12 unused Assets to reduce memory usage. Loaded Objects now: 2356.
Total: 1.784900 ms (FindLiveObjects: 0.236400 ms CreateObjectMapping: 0.048300 ms MarkObjects: 1.401900 ms  DeleteObjects: 0.097400 ms)

========================================================================
Received Import Request.
  Time since last request: 455.259854 seconds.
  path: Assets/Scenes/MainScene.unity
  artifactKey: Guid(cabe6cd7124c00a42bb40f7bc1918103) Importer(815301076,1909f56bfc062723c751e8b465ee728b)
Start importing Assets/Scenes/MainScene.unity using Guid(cabe6cd7124c00a42bb40f7bc1918103) Importer(815301076,1909f56bfc062723c751e8b465ee728b)  -> (artifact id: 'c880a811a63df78caf2f6f8eaee1ec94') in 0.012975 seconds
  Import took 0.015804 seconds .

========================================================================
Received Import Request.
  Time since last request: 17.180307 seconds.
  path: Assets/Prefabs/fire_0.prefab
  artifactKey: Guid(d870a5710ef01764e8f697c3ab7cc1b8) Importer(815301076,1909f56bfc062723c751e8b465ee728b)
Start importing Assets/Prefabs/fire_0.prefab using Guid(d870a5710ef01764e8f697c3ab7cc1b8) Importer(815301076,1909f56bfc062723c751e8b465ee728b)  -> (artifact id: '0fada126da12fd60f03d82cf96042ba1') in 0.049341 seconds
  Import took 0.052308 seconds .

========================================================================
Received Import Request.
  Time since last request: 0.000160 seconds.
  path: Assets/Prefabs/FlyObject.prefab
  artifactKey: Guid(c97f0ac87b3f53d4aa3c4ea30deb7b72) Importer(815301076,1909f56bfc062723c751e8b465ee728b)
Start importing Assets/Prefabs/FlyObject.prefab using Guid(c97f0ac87b3f53d4aa3c4ea30deb7b72) Importer(815301076,1909f56bfc062723c751e8b465ee728b)  -> (artifact id: '62cdf19abf740fb026ada439cf726ca2') in 0.009939 seconds
  Import took 0.012623 seconds .

========================================================================
Received Import Request.
  Time since last request: 0.000273 seconds.
  path: Assets/Prefabs/Hawk2_0.prefab
  artifactKey: Guid(27c24f6f26678844e8afbe92e7e40f59) Importer(815301076,1909f56bfc062723c751e8b465ee728b)
Start importing Assets/Prefabs/Hawk2_0.prefab using Guid(27c24f6f26678844e8afbe92e7e40f59) Importer(815301076,1909f56bfc062723c751e8b465ee728b)  -> (artifact id: '4ff80d3dda898524ba035a754756e756') in 0.009453 seconds
  Import took 0.012465 seconds .

========================================================================
Received Import Request.
  Time since last request: 7.158862 seconds.
  path: Assets/Scripts/UpObject.cs
  artifactKey: Guid(4a01c491c5bf782469b8a67334c19276) Importer(815301076,1909f56bfc062723c751e8b465ee728b)
Start importing Assets/Scripts/UpObject.cs using Guid(4a01c491c5bf782469b8a67334c19276) Importer(815301076,1909f56bfc062723c751e8b465ee728b)  -> (artifact id: 'e39441edcffac41cda85fd1d2403221c') in 0.009108 seconds
  Import took 0.011994 seconds .

========================================================================
Received Import Request.
  Time since last request: 0.815950 seconds.
  path: Assets/Scripts/SoundManager.cs
  artifactKey: Guid(748dfa257a69c3641819fd4c8383c412) Importer(815301076,1909f56bfc062723c751e8b465ee728b)
Start importing Assets/Scripts/SoundManager.cs using Guid(748dfa257a69c3641819fd4c8383c412) Importer(815301076,1909f56bfc062723c751e8b465ee728b)  -> (artifact id: 'a2e12d0888d0afce74d95e44651af0aa') in 0.003584 seconds
  Import took 0.006215 seconds .

========================================================================
Received Import Request.
  Time since last request: 0.977992 seconds.
  path: Assets/Scripts/BackgroundRepeat.cs
  artifactKey: Guid(38abf579e021fd445a3f31dc2b6f95f1) Importer(815301076,1909f56bfc062723c751e8b465ee728b)
Start importing Assets/Scripts/BackgroundRepeat.cs using Guid(38abf579e021fd445a3f31dc2b6f95f1) Importer(815301076,1909f56bfc062723c751e8b465ee728b)  -> (artifact id: 'd93113c3c768923dbc651af92fbaecba') in 0.001806 seconds
  Import took 0.004416 seconds .

========================================================================
Received Import Request.
  Time since last request: 0.370665 seconds.
  path: Assets/Scripts/Button1.cs
  artifactKey: Guid(950dfa69ae84e444c811024402d765f9) Importer(815301076,1909f56bfc062723c751e8b465ee728b)
Start importing Assets/Scripts/Button1.cs using Guid(950dfa69ae84e444c811024402d765f9) Importer(815301076,1909f56bfc062723c751e8b465ee728b)  -> (artifact id: '0a45bd61645ba13bc313e0a237b73222') in 0.001758 seconds
  Import took 0.004143 seconds .

========================================================================
Received Import Request.
  Time since last request: 0.000320 seconds.
  path: Assets/Scripts/Button1.cs
  artifactKey: Guid(950dfa69ae84e444c811024402d765f9) Importer(815301076,1909f56bfc062723c751e8b465ee728b)
Start importing Assets/Scripts/Button1.cs using Guid(950dfa69ae84e444c811024402d765f9) Importer(815301076,1909f56bfc062723c751e8b465ee728b)  -> (artifact id: '0a45bd61645ba13bc313e0a237b73222') in 0.001740 seconds
  Import took 0.004134 seconds .

========================================================================
Received Import Request.
  Time since last request: 0.373416 seconds.
  path: Assets/Scripts/ButtonEvent.cs
  artifactKey: Guid(a240eca24a016cd478be9dd2ca0660c6) Importer(815301076,1909f56bfc062723c751e8b465ee728b)
Start importing Assets/Scripts/ButtonEvent.cs using Guid(a240eca24a016cd478be9dd2ca0660c6) Importer(815301076,1909f56bfc062723c751e8b465ee728b)  -> (artifact id: '08665899f9142f63b2d7d5e98894740e') in 0.002126 seconds
  Import took 0.005198 seconds .

========================================================================
Received Import Request.
  Time since last request: 0.373244 seconds.
  path: Assets/Scripts/CameraController.cs
  artifactKey: Guid(0f452d8c3af566f48b8b6a9ee26374a2) Importer(815301076,1909f56bfc062723c751e8b465ee728b)
Start importing Assets/Scripts/CameraController.cs using Guid(0f452d8c3af566f48b8b6a9ee26374a2) Importer(815301076,1909f56bfc062723c751e8b465ee728b)  -> (artifact id: 'b7d6ac4fedcbd043ef51571636893d1b') in 0.001808 seconds
  Import took 0.004621 seconds .

========================================================================
Received Import Request.
  Time since last request: 0.376412 seconds.
  path: Assets/Scripts/DropFire.cs
  artifactKey: Guid(2a0a435843a100b4481de68bf9623cf3) Importer(815301076,1909f56bfc062723c751e8b465ee728b)
Start importing Assets/Scripts/DropFire.cs using Guid(2a0a435843a100b4481de68bf9623cf3) Importer(815301076,1909f56bfc062723c751e8b465ee728b)  -> (artifact id: 'aff1ab506bffec3095bb56959ccee696') in 0.004554 seconds
  Import took 0.007435 seconds .

========================================================================
Received Import Request.
  Time since last request: 0.757317 seconds.
  path: Assets/Scripts/FlyObject.cs
  artifactKey: Guid(4fb29fadf61171d43ae7668338b525a1) Importer(815301076,1909f56bfc062723c751e8b465ee728b)
Start importing Assets/Scripts/FlyObject.cs using Guid(4fb29fadf61171d43ae7668338b525a1) Importer(815301076,1909f56bfc062723c751e8b465ee728b)  -> (artifact id: 'f30366bd966d065c07cbff1328eef249') in 0.001399 seconds
  Import took 0.003861 seconds .

========================================================================
Received Import Request.
  Time since last request: 0.004693 seconds.
  path: Assets/Scripts/FlyObject.cs
  artifactKey: Guid(4fb29fadf61171d43ae7668338b525a1) Importer(815301076,1909f56bfc062723c751e8b465ee728b)
Start importing Assets/Scripts/FlyObject.cs using Guid(4fb29fadf61171d43ae7668338b525a1) Importer(815301076,1909f56bfc062723c751e8b465ee728b)  -> (artifact id: 'f30366bd966d065c07cbff1328eef249') in 0.001428 seconds
  Import took 0.003910 seconds .

========================================================================
Received Import Request.
  Time since last request: 0.650827 seconds.
  path: Assets/Scripts/FlyObjectUpDown.cs
  artifactKey: Guid(37cb7028436065046a5788c31c5d591f) Importer(815301076,1909f56bfc062723c751e8b465ee728b)
Start importing Assets/Scripts/FlyObjectUpDown.cs using Guid(37cb7028436065046a5788c31c5d591f) Importer(815301076,1909f56bfc062723c751e8b465ee728b)  -> (artifact id: '00ea047b15170a94fb6e6a8d2e290b23') in 0.001636 seconds
  Import took 0.004149 seconds .

========================================================================
Received Import Request.
  Time since last request: 2.387195 seconds.
  path: Assets/Scripts/Main.cs
  artifactKey: Guid(9440fcdf82996144bbd80612afcf1fb7) Importer(815301076,1909f56bfc062723c751e8b465ee728b)
Start importing Assets/Scripts/Main.cs using Guid(9440fcdf82996144bbd80612afcf1fb7) Importer(815301076,1909f56bfc062723c751e8b465ee728b)  -> (artifact id: '4fa3f1e7d1568553c4f5182fce7d4130') in 0.004686 seconds
  Import took 0.007651 seconds .

========================================================================
Received Import Request.
  Time since last request: 8.106417 seconds.
  path: Assets/Scripts/LevelManager.cs
  artifactKey: Guid(4d741cd86ec085445b34784ffdc37e37) Importer(815301076,1909f56bfc062723c751e8b465ee728b)
Start importing Assets/Scripts/LevelManager.cs using Guid(4d741cd86ec085445b34784ffdc37e37) Importer(815301076,1909f56bfc062723c751e8b465ee728b)  -> (artifact id: 'badfba2b0ad16acba1eadbda10068256') in 0.001701 seconds
  Import took 0.004268 seconds .

========================================================================
Received Prepare
Registering precompiled user dll's ...
Registered in 0.000848 seconds.
Begin MonoManager ReloadAssembly
Native extension for WindowsStandalone target not found
Refreshing native plugins compatible for Editor in 0.39 ms, found 1 plugins.
Preloading 0 native plugins for Editor in 0.00 ms.
Mono: successfully reloaded assembly
- Completed reload, in  0.767 seconds
Platform modules already initialized, skipping
Refreshing native plugins compatible for Editor in 0.39 ms, found 1 plugins.
Preloading 0 native plugins for Editor in 0.00 ms.
Unloading 1825 Unused Serialized files (Serialized files now loaded: 0)
System memory in use before: 89.9 MB.
System memory in use after: 89.9 MB.

Unloading 13 unused Assets to reduce memory usage. Loaded Objects now: 2360.
Total: 1.847700 ms (FindLiveObjects: 0.265800 ms CreateObjectMapping: 0.051800 ms MarkObjects: 1.421600 ms  DeleteObjects: 0.106400 ms)

========================================================================
Received Prepare
Registering precompiled user dll's ...
Registered in 0.000830 seconds.
Begin MonoManager ReloadAssembly
Native extension for WindowsStandalone target not found
Refreshing native plugins compatible for Editor in 0.34 ms, found 1 plugins.
Preloading 0 native plugins for Editor in 0.00 ms.
Mono: successfully reloaded assembly
- Completed reload, in  0.755 seconds
Platform modules already initialized, skipping
Refreshing native plugins compatible for Editor in 0.41 ms, found 1 plugins.
Preloading 0 native plugins for Editor in 0.00 ms.
Unloading 1826 Unused Serialized files (Serialized files now loaded: 0)
System memory in use before: 89.9 MB.
System memory in use after: 89.9 MB.

Unloading 12 unused Assets to reduce memory usage. Loaded Objects now: 2365.
Total: 2.000300 ms (FindLiveObjects: 0.272300 ms CreateObjectMapping: 0.050400 ms MarkObjects: 1.497900 ms  DeleteObjects: 0.178500 ms)

========================================================================
Received Import Request.
  Time since last request: 24.412459 seconds.
  path: Assets/Scenes/MainScene.unity
  artifactKey: Guid(cabe6cd7124c00a42bb40f7bc1918103) Importer(815301076,1909f56bfc062723c751e8b465ee728b)
Start importing Assets/Scenes/MainScene.unity using Guid(cabe6cd7124c00a42bb40f7bc1918103) Importer(815301076,1909f56bfc062723c751e8b465ee728b)  -> (artifact id: 'fadadbd74b9b2d52d92c8d5ddea78335') in 0.011980 seconds
  Import took 0.015248 seconds .

========================================================================
Received Prepare
Registering precompiled user dll's ...
Registered in 0.000825 seconds.
Begin MonoManager ReloadAssembly
Native extension for WindowsStandalone target not found
Refreshing native plugins compatible for Editor in 0.40 ms, found 1 plugins.
Preloading 0 native plugins for Editor in 0.00 ms.
Mono: successfully reloaded assembly
- Completed reload, in  0.782 seconds
Platform modules already initialized, skipping
Refreshing native plugins compatible for Editor in 0.49 ms, found 1 plugins.
Preloading 0 native plugins for Editor in 0.00 ms.
Unloading 1826 Unused Serialized files (Serialized files now loaded: 0)
System memory in use before: 90.0 MB.
System memory in use after: 89.9 MB.

Unloading 12 unused Assets to reduce memory usage. Loaded Objects now: 2369.
Total: 2.191900 ms (FindLiveObjects: 0.245300 ms CreateObjectMapping: 0.046900 ms MarkObjects: 1.776100 ms  DeleteObjects: 0.121800 ms)

AssetImportWorkerClient::OnTransportError - code=2 error=End of file
