Using pre-set license
Built from '2020.3/staging' branch; Version is '2020.3.9f1 (108be757e447) revision 1084391'; Using compiler version '192528614'; Build Type 'Release'
OS: 'Windows 10 Pro; OS build 19045.3448; Version 2009; 64bit' Language: 'ko' Physical Memory: 16235 MB
BatchMode: 1, IsHumanControllingUs: 0, StartBugReporterOnCrash: 0, Is64bit: 1, IsPro: 0

 COMMAND LINE ARGUMENTS:
C:\Program Files\Unity\Hub\Editor\2020.3.9f1\Editor\Unity.exe
-adb2
-batchMode
-noUpm
-name
AssetImportWorker1
-projectPath
C:/Users/user/Documents/GitHub/TeamCat
-logFile
Logs/AssetImportWorker1.log
-srvPort
50081
Successfully changed project path to: C:/Users/user/Documents/GitHub/TeamCat
C:/Users/user/Documents/GitHub/TeamCat
Using Asset Import Pipeline V2.
Refreshing native plugins compatible for Editor in 35.28 ms, found 1 plugins.
Preloading 0 native plugins for Editor in 0.00 ms.
Initialize engine version: 2020.3.9f1 (108be757e447)
[Subsystems] Discovering subsystems at path C:/Program Files/Unity/Hub/Editor/2020.3.9f1/Editor/Data/Resources/UnitySubsystems
[Subsystems] Discovering subsystems at path C:/Users/user/Documents/GitHub/TeamCat/Assets
GfxDevice: creating device client; threaded=0
Direct3D:
    Version:  Direct3D 11.0 [level 11.1]
    Renderer: NVIDIA GeForce RTX 3060 Ti (ID=0x2489)
    Vendor:   
    VRAM:     8038 MB
    Driver:   31.0.15.3623
Initialize mono
Mono path[0] = 'C:/Program Files/Unity/Hub/Editor/2020.3.9f1/Editor/Data/Managed'
Mono path[1] = 'C:/Program Files/Unity/Hub/Editor/2020.3.9f1/Editor/Data/MonoBleedingEdge/lib/mono/unityjit'
Mono config path = 'C:/Program Files/Unity/Hub/Editor/2020.3.9f1/Editor/Data/MonoBleedingEdge/etc'
Using monoOptions --debugger-agent=transport=dt_socket,embedding=1,server=y,suspend=n,address=127.0.0.1:56740
Begin MonoManager ReloadAssembly
Registering precompiled unity dll's ...
Register platform support module: C:/Program Files/Unity/Hub/Editor/2020.3.9f1/Editor/Data/PlaybackEngines/WindowsStandaloneSupport/UnityEditor.WindowsStandalone.Extensions.dll
Registered in 0.001748 seconds.
Native extension for WindowsStandalone target not found
Refreshing native plugins compatible for Editor in 37.55 ms, found 1 plugins.
Preloading 0 native plugins for Editor in 0.00 ms.
Mono: successfully reloaded assembly
- Completed reload, in  1.585 seconds
Platform modules already initialized, skipping
Registering precompiled user dll's ...
Registered in 0.000720 seconds.
Begin MonoManager ReloadAssembly
Native extension for WindowsStandalone target not found
Refreshing native plugins compatible for Editor in 35.22 ms, found 1 plugins.
Preloading 0 native plugins for Editor in 0.00 ms.
Mono: successfully reloaded assembly
- Completed reload, in  0.876 seconds
Platform modules already initialized, skipping
========================================================================
Worker process is ready to serve import requests
Launched and connected shader compiler UnityShaderCompiler.exe after 0.04 seconds
Refreshing native plugins compatible for Editor in 0.24 ms, found 1 plugins.
Preloading 0 native plugins for Editor in 0.00 ms.
Unloading 1845 Unused Serialized files (Serialized files now loaded: 0)
System memory in use before: 87.8 MB.
System memory in use after: 87.8 MB.

Unloading 24 unused Assets to reduce memory usage. Loaded Objects now: 2290.
Total: 1.504100 ms (FindLiveObjects: 0.220400 ms CreateObjectMapping: 0.051300 ms MarkObjects: 1.148700 ms  DeleteObjects: 0.082900 ms)

========================================================================
Received Import Request.
  path: Assets/Animation/soul.controller
  artifactKey: Guid(fbbdb40fbd457ff458a04802ce615fd3) Importer(815301076,1909f56bfc062723c751e8b465ee728b)
Start importing Assets/Animation/soul.controller using Guid(fbbdb40fbd457ff458a04802ce615fd3) Importer(815301076,1909f56bfc062723c751e8b465ee728b)  -> (artifact id: 'e462805eb02055767731d870edd76003') in 0.015788 seconds
  Import took 0.017753 seconds .

========================================================================
Received Prepare
Refreshing native plugins compatible for Editor in 1.49 ms, found 1 plugins.
Preloading 0 native plugins for Editor in 0.00 ms.
Unloading 10 Unused Serialized files (Serialized files now loaded: 0)
System memory in use before: 50.4 MB.
System memory in use after: 50.4 MB.

Unloading 10 unused Assets to reduce memory usage. Loaded Objects now: 2290.
Total: 2.085900 ms (FindLiveObjects: 0.191400 ms CreateObjectMapping: 0.046300 ms MarkObjects: 1.757500 ms  DeleteObjects: 0.089600 ms)

========================================================================
Received Prepare
Registering precompiled user dll's ...
Registered in 0.000716 seconds.
Begin MonoManager ReloadAssembly
Native extension for WindowsStandalone target not found
Refreshing native plugins compatible for Editor in 0.34 ms, found 1 plugins.
Preloading 0 native plugins for Editor in 0.00 ms.
Mono: successfully reloaded assembly
- Completed reload, in  0.778 seconds
Platform modules already initialized, skipping
Refreshing native plugins compatible for Editor in 0.37 ms, found 1 plugins.
Preloading 0 native plugins for Editor in 0.00 ms.
Unloading 1827 Unused Serialized files (Serialized files now loaded: 0)
System memory in use before: 86.5 MB.
System memory in use after: 86.5 MB.

Unloading 12 unused Assets to reduce memory usage. Loaded Objects now: 2294.
Total: 1.712900 ms (FindLiveObjects: 0.192500 ms CreateObjectMapping: 0.044800 ms MarkObjects: 1.381100 ms  DeleteObjects: 0.093800 ms)

========================================================================
Received Import Request.
  Time since last request: 376.265416 seconds.
  path: Assets/Scenes/Stage1(LYS).unity
  artifactKey: Guid(5fed7e0221084684db07a196580fdec3) Importer(815301076,1909f56bfc062723c751e8b465ee728b)
Start importing Assets/Scenes/Stage1(LYS).unity using Guid(5fed7e0221084684db07a196580fdec3) Importer(815301076,1909f56bfc062723c751e8b465ee728b)  -> (artifact id: 'd3dc0fb68ca4fb96a70845b28fe80cd7') in 0.014862 seconds
  Import took 0.019218 seconds .

========================================================================
Received Import Request.
  Time since last request: 45.269384 seconds.
  path: Assets/Scenes/MainScene.unity
  artifactKey: Guid(cabe6cd7124c00a42bb40f7bc1918103) Importer(815301076,1909f56bfc062723c751e8b465ee728b)
Start importing Assets/Scenes/MainScene.unity using Guid(cabe6cd7124c00a42bb40f7bc1918103) Importer(815301076,1909f56bfc062723c751e8b465ee728b)  -> (artifact id: '01f6fc53a9d66b4682ccf07cfce950ab') in 0.002280 seconds
  Import took 0.005143 seconds .

========================================================================
Received Prepare
Registering precompiled user dll's ...
Registered in 0.000725 seconds.
Begin MonoManager ReloadAssembly
Native extension for WindowsStandalone target not found
Refreshing native plugins compatible for Editor in 0.35 ms, found 1 plugins.
Preloading 0 native plugins for Editor in 0.00 ms.
Mono: successfully reloaded assembly
- Completed reload, in  0.762 seconds
Platform modules already initialized, skipping
Refreshing native plugins compatible for Editor in 0.33 ms, found 1 plugins.
Preloading 0 native plugins for Editor in 0.00 ms.
Unloading 1827 Unused Serialized files (Serialized files now loaded: 0)
System memory in use before: 86.6 MB.
System memory in use after: 86.6 MB.

Unloading 12 unused Assets to reduce memory usage. Loaded Objects now: 2298.
Total: 1.668700 ms (FindLiveObjects: 0.200400 ms CreateObjectMapping: 0.047000 ms MarkObjects: 1.323800 ms  DeleteObjects: 0.096600 ms)

========================================================================
Received Prepare
Registering precompiled user dll's ...
Registered in 0.000835 seconds.
Begin MonoManager ReloadAssembly
Native extension for WindowsStandalone target not found
Refreshing native plugins compatible for Editor in 0.35 ms, found 1 plugins.
Preloading 0 native plugins for Editor in 0.00 ms.
Mono: successfully reloaded assembly
- Completed reload, in  0.778 seconds
Platform modules already initialized, skipping
Refreshing native plugins compatible for Editor in 0.35 ms, found 1 plugins.
Preloading 0 native plugins for Editor in 0.00 ms.
Unloading 1827 Unused Serialized files (Serialized files now loaded: 0)
System memory in use before: 86.6 MB.
System memory in use after: 86.6 MB.

Unloading 12 unused Assets to reduce memory usage. Loaded Objects now: 2302.
Total: 1.696500 ms (FindLiveObjects: 0.197600 ms CreateObjectMapping: 0.050500 ms MarkObjects: 1.346300 ms  DeleteObjects: 0.101200 ms)

========================================================================
Received Import Request.
  Time since last request: 252.105567 seconds.
  path: Assets/Prefabs/stage1/FlyTrigger (5).prefab
  artifactKey: Guid(f4e0db8c92bb7d346bea0cf25069127c) Importer(815301076,1909f56bfc062723c751e8b465ee728b)
Start importing Assets/Prefabs/stage1/FlyTrigger (5).prefab using Guid(f4e0db8c92bb7d346bea0cf25069127c) Importer(815301076,1909f56bfc062723c751e8b465ee728b)  -> (artifact id: 'b80ee7169c8347df7b6327e8d96dd628') in 0.092826 seconds
  Import took 0.096239 seconds .

========================================================================
Received Prepare
Registering precompiled user dll's ...
Registered in 0.000893 seconds.
Begin MonoManager ReloadAssembly
Native extension for WindowsStandalone target not found
Refreshing native plugins compatible for Editor in 0.39 ms, found 1 plugins.
Preloading 0 native plugins for Editor in 0.00 ms.
Mono: successfully reloaded assembly
- Completed reload, in  0.847 seconds
Platform modules already initialized, skipping
Refreshing native plugins compatible for Editor in 0.40 ms, found 1 plugins.
Preloading 0 native plugins for Editor in 0.00 ms.
Unloading 1827 Unused Serialized files (Serialized files now loaded: 0)
System memory in use before: 89.7 MB.
System memory in use after: 89.7 MB.

Unloading 12 unused Assets to reduce memory usage. Loaded Objects now: 2313.
Total: 1.963600 ms (FindLiveObjects: 0.268000 ms CreateObjectMapping: 0.050000 ms MarkObjects: 1.541800 ms  DeleteObjects: 0.102700 ms)

========================================================================
Received Import Request.
  Time since last request: 11.075980 seconds.
  path: Assets/Prefabs/stage1/2doong.prefab
  artifactKey: Guid(2919e6de835a7e047aa11693b1164906) Importer(815301076,1909f56bfc062723c751e8b465ee728b)
Start importing Assets/Prefabs/stage1/2doong.prefab using Guid(2919e6de835a7e047aa11693b1164906) Importer(815301076,1909f56bfc062723c751e8b465ee728b)  -> (artifact id: 'e868ed6f00d65e60bd1721ae65c9541c') in 0.053172 seconds
  Import took 0.057702 seconds .

========================================================================
Received Import Request.
  Time since last request: 0.550898 seconds.
  path: Assets/Prefabs/stage1/2doong.prefab
  artifactKey: Guid(2919e6de835a7e047aa11693b1164906) Importer(815301076,1909f56bfc062723c751e8b465ee728b)
Start importing Assets/Prefabs/stage1/2doong.prefab using Guid(2919e6de835a7e047aa11693b1164906) Importer(815301076,1909f56bfc062723c751e8b465ee728b)  -> (artifact id: '8f43c8c005e074ab6ee9c2e73a8d6f5d') in 0.006304 seconds
  Import took 0.009539 seconds .

========================================================================
Received Import Request.
  Time since last request: 5.633294 seconds.
  path: Assets/Prefabs/stage1/2doong.prefab
  artifactKey: Guid(2919e6de835a7e047aa11693b1164906) Importer(815301076,1909f56bfc062723c751e8b465ee728b)
Start importing Assets/Prefabs/stage1/2doong.prefab using Guid(2919e6de835a7e047aa11693b1164906) Importer(815301076,1909f56bfc062723c751e8b465ee728b)  -> (artifact id: 'f222bd924af10a2cae27a6dc5da417c0') in 0.006271 seconds
  Import took 0.009547 seconds .

========================================================================
Received Import Request.
  Time since last request: 1.999665 seconds.
  path: Assets/Prefabs/stage1/2doong.prefab
  artifactKey: Guid(2919e6de835a7e047aa11693b1164906) Importer(815301076,1909f56bfc062723c751e8b465ee728b)
Start importing Assets/Prefabs/stage1/2doong.prefab using Guid(2919e6de835a7e047aa11693b1164906) Importer(815301076,1909f56bfc062723c751e8b465ee728b)  -> (artifact id: '0758bac8429f8798c99d03e1231007d6') in 0.006296 seconds
  Import took 0.009460 seconds .

========================================================================
Received Import Request.
  Time since last request: 10.653364 seconds.
  path: Assets/Prefabs/stage1/gindoong.prefab
  artifactKey: Guid(3046244f8e3265545a29857665a48444) Importer(815301076,1909f56bfc062723c751e8b465ee728b)
Start importing Assets/Prefabs/stage1/gindoong.prefab using Guid(3046244f8e3265545a29857665a48444) Importer(815301076,1909f56bfc062723c751e8b465ee728b)  -> (artifact id: '43d746cd0169ba252ccfeddfbff9fb2d') in 0.006166 seconds
  Import took 0.009046 seconds .

========================================================================
Received Import Request.
  Time since last request: 1.395648 seconds.
  path: Assets/Prefabs/stage1/gindoong.prefab
  artifactKey: Guid(3046244f8e3265545a29857665a48444) Importer(815301076,1909f56bfc062723c751e8b465ee728b)
Start importing Assets/Prefabs/stage1/gindoong.prefab using Guid(3046244f8e3265545a29857665a48444) Importer(815301076,1909f56bfc062723c751e8b465ee728b)  -> (artifact id: 'f7442b9cb7dfb088a85cb05d477954fa') in 0.006149 seconds
  Import took 0.008937 seconds .

========================================================================
Received Import Request.
  Time since last request: 1.805196 seconds.
  path: Assets/Prefabs/stage1/gindoong.prefab
  artifactKey: Guid(3046244f8e3265545a29857665a48444) Importer(815301076,1909f56bfc062723c751e8b465ee728b)
Start importing Assets/Prefabs/stage1/gindoong.prefab using Guid(3046244f8e3265545a29857665a48444) Importer(815301076,1909f56bfc062723c751e8b465ee728b)  -> (artifact id: 'e2ea01bf2752044e0666a2cba09cabe0') in 0.006508 seconds
  Import took 0.009588 seconds .

========================================================================
Received Import Request.
  Time since last request: 3.558378 seconds.
  path: Assets/Prefabs/stage1/non_fire.prefab
  artifactKey: Guid(ea9b1b5098dd85e4ab5b6f6bb9d1f409) Importer(815301076,1909f56bfc062723c751e8b465ee728b)
Start importing Assets/Prefabs/stage1/non_fire.prefab using Guid(ea9b1b5098dd85e4ab5b6f6bb9d1f409) Importer(815301076,1909f56bfc062723c751e8b465ee728b)  -> (artifact id: 'dfb8f90071b7eb00c1d41f7a515062e8') in 0.006469 seconds
  Import took 0.009290 seconds .

========================================================================
Received Import Request.
  Time since last request: 1.592200 seconds.
  path: Assets/Prefabs/stage1/non_fire.prefab
  artifactKey: Guid(ea9b1b5098dd85e4ab5b6f6bb9d1f409) Importer(815301076,1909f56bfc062723c751e8b465ee728b)
Start importing Assets/Prefabs/stage1/non_fire.prefab using Guid(ea9b1b5098dd85e4ab5b6f6bb9d1f409) Importer(815301076,1909f56bfc062723c751e8b465ee728b)  -> (artifact id: 'd5831737a79bd68d9aef6eaf3cb0219f') in 0.006338 seconds
  Import took 0.009403 seconds .

========================================================================
Received Import Request.
  Time since last request: 6.626449 seconds.
  path: Assets/Prefabs/stage1/non_fire.prefab
  artifactKey: Guid(ea9b1b5098dd85e4ab5b6f6bb9d1f409) Importer(815301076,1909f56bfc062723c751e8b465ee728b)
Start importing Assets/Prefabs/stage1/non_fire.prefab using Guid(ea9b1b5098dd85e4ab5b6f6bb9d1f409) Importer(815301076,1909f56bfc062723c751e8b465ee728b)  -> (artifact id: '26a9ac50234ee64d2f12eb9a2f92d30a') in 0.006224 seconds
  Import took 0.009196 seconds .

========================================================================
Received Import Request.
  Time since last request: 1.398492 seconds.
  path: Assets/Prefabs/stage1/non_fire.prefab
  artifactKey: Guid(ea9b1b5098dd85e4ab5b6f6bb9d1f409) Importer(815301076,1909f56bfc062723c751e8b465ee728b)
Start importing Assets/Prefabs/stage1/non_fire.prefab using Guid(ea9b1b5098dd85e4ab5b6f6bb9d1f409) Importer(815301076,1909f56bfc062723c751e8b465ee728b)  -> (artifact id: 'a680fcc985ee15d49204ae0cefd3bf87') in 0.006332 seconds
  Import took 0.010133 seconds .

========================================================================
Received Import Request.
  Time since last request: 5.680399 seconds.
  path: Assets/Prefabs/stage1/updown_doong.prefab
  artifactKey: Guid(4826a445d11127849970cf218061f1e8) Importer(815301076,1909f56bfc062723c751e8b465ee728b)
Start importing Assets/Prefabs/stage1/updown_doong.prefab using Guid(4826a445d11127849970cf218061f1e8) Importer(815301076,1909f56bfc062723c751e8b465ee728b)  -> (artifact id: '4e6b022c52c78aa512ab620e6a89fd50') in 0.008254 seconds
  Import took 0.011112 seconds .

========================================================================
Received Import Request.
  Time since last request: 1.594085 seconds.
  path: Assets/Prefabs/stage1/updown_doong.prefab
  artifactKey: Guid(4826a445d11127849970cf218061f1e8) Importer(815301076,1909f56bfc062723c751e8b465ee728b)
Start importing Assets/Prefabs/stage1/updown_doong.prefab using Guid(4826a445d11127849970cf218061f1e8) Importer(815301076,1909f56bfc062723c751e8b465ee728b)  -> (artifact id: '3ee788597262a36228a3eb975afaddcc') in 0.007044 seconds
  Import took 0.009895 seconds .

========================================================================
Received Import Request.
  Time since last request: 3.404855 seconds.
  path: Assets/Prefabs/stage1/updown_doong.prefab
  artifactKey: Guid(4826a445d11127849970cf218061f1e8) Importer(815301076,1909f56bfc062723c751e8b465ee728b)
Start importing Assets/Prefabs/stage1/updown_doong.prefab using Guid(4826a445d11127849970cf218061f1e8) Importer(815301076,1909f56bfc062723c751e8b465ee728b)  -> (artifact id: 'c656e6afe0033a8e1d9f8507760ba408') in 0.006611 seconds
  Import took 0.009415 seconds .

========================================================================
Received Import Request.
  Time since last request: 1.810490 seconds.
  path: Assets/Prefabs/stage1/updown_doong.prefab
  artifactKey: Guid(4826a445d11127849970cf218061f1e8) Importer(815301076,1909f56bfc062723c751e8b465ee728b)
Start importing Assets/Prefabs/stage1/updown_doong.prefab using Guid(4826a445d11127849970cf218061f1e8) Importer(815301076,1909f56bfc062723c751e8b465ee728b)  -> (artifact id: 'ba95a5000d078b6bd29d45136e2c7839') in 0.006637 seconds
  Import took 0.009881 seconds .

========================================================================
Received Import Request.
  Time since last request: 0.994750 seconds.
  path: Assets/Prefabs/stage1/updown_doong.prefab
  artifactKey: Guid(4826a445d11127849970cf218061f1e8) Importer(815301076,1909f56bfc062723c751e8b465ee728b)
Start importing Assets/Prefabs/stage1/updown_doong.prefab using Guid(4826a445d11127849970cf218061f1e8) Importer(815301076,1909f56bfc062723c751e8b465ee728b)  -> (artifact id: '28fea046009bb62f36ac32bccb9e71f2') in 0.006834 seconds
  Import took 0.009550 seconds .

========================================================================
Received Import Request.
  Time since last request: 1.998836 seconds.
  path: Assets/Prefabs/stage1/updown_doong.prefab
  artifactKey: Guid(4826a445d11127849970cf218061f1e8) Importer(815301076,1909f56bfc062723c751e8b465ee728b)
Start importing Assets/Prefabs/stage1/updown_doong.prefab using Guid(4826a445d11127849970cf218061f1e8) Importer(815301076,1909f56bfc062723c751e8b465ee728b)  -> (artifact id: '45a39755aa6a7dc347fde79dff1b4ce0') in 0.006651 seconds
  Import took 0.009766 seconds .

========================================================================
Received Import Request.
  Time since last request: 17.089340 seconds.
  path: Assets/Prefabs/stage1/yes_fire.prefab
  artifactKey: Guid(b50a61d439a518e4f873de0ab92564ed) Importer(815301076,1909f56bfc062723c751e8b465ee728b)
Start importing Assets/Prefabs/stage1/yes_fire.prefab using Guid(b50a61d439a518e4f873de0ab92564ed) Importer(815301076,1909f56bfc062723c751e8b465ee728b)  -> (artifact id: 'e45cd375d14c053b53970594a1f1cba6') in 0.009256 seconds
  Import took 0.012171 seconds .

========================================================================
Received Import Request.
  Time since last request: 1.395158 seconds.
  path: Assets/Prefabs/stage1/yes_fire.prefab
  artifactKey: Guid(b50a61d439a518e4f873de0ab92564ed) Importer(815301076,1909f56bfc062723c751e8b465ee728b)
Start importing Assets/Prefabs/stage1/yes_fire.prefab using Guid(b50a61d439a518e4f873de0ab92564ed) Importer(815301076,1909f56bfc062723c751e8b465ee728b)  -> (artifact id: '2736f2bc83cb81d5fe8be824387a5eea') in 0.007900 seconds
  Import took 0.010856 seconds .

========================================================================
Received Import Request.
  Time since last request: 1.597380 seconds.
  path: Assets/Prefabs/stage1/yes_fire.prefab
  artifactKey: Guid(b50a61d439a518e4f873de0ab92564ed) Importer(815301076,1909f56bfc062723c751e8b465ee728b)
Start importing Assets/Prefabs/stage1/yes_fire.prefab using Guid(b50a61d439a518e4f873de0ab92564ed) Importer(815301076,1909f56bfc062723c751e8b465ee728b)  -> (artifact id: 'cc2d713bb28555d5ee9f57946121e3d9') in 0.007738 seconds
  Import took 0.010928 seconds .

========================================================================
Received Import Request.
  Time since last request: 7.425193 seconds.
  path: Assets/Prefabs/stage1/yes_fire.prefab
  artifactKey: Guid(b50a61d439a518e4f873de0ab92564ed) Importer(815301076,1909f56bfc062723c751e8b465ee728b)
Start importing Assets/Prefabs/stage1/yes_fire.prefab using Guid(b50a61d439a518e4f873de0ab92564ed) Importer(815301076,1909f56bfc062723c751e8b465ee728b)  -> (artifact id: '9f92e8fcbade5e1f48ea40c898ef27e4') in 0.007658 seconds
  Import took 0.011038 seconds .

========================================================================
Received Prepare
Registering precompiled user dll's ...
Registered in 0.000764 seconds.
Begin MonoManager ReloadAssembly
Native extension for WindowsStandalone target not found
Refreshing native plugins compatible for Editor in 0.35 ms, found 1 plugins.
Preloading 0 native plugins for Editor in 0.00 ms.
Mono: successfully reloaded assembly
- Completed reload, in  0.761 seconds
Platform modules already initialized, skipping
Refreshing native plugins compatible for Editor in 0.35 ms, found 1 plugins.
Preloading 0 native plugins for Editor in 0.00 ms.
Unloading 1827 Unused Serialized files (Serialized files now loaded: 0)
System memory in use before: 89.8 MB.
System memory in use after: 89.8 MB.

Unloading 12 unused Assets to reduce memory usage. Loaded Objects now: 2318.
Total: 1.683000 ms (FindLiveObjects: 0.198800 ms CreateObjectMapping: 0.045300 ms MarkObjects: 1.337500 ms  DeleteObjects: 0.100000 ms)

========================================================================
Received Prepare
Registering precompiled user dll's ...
Registered in 0.000746 seconds.
Begin MonoManager ReloadAssembly
Native extension for WindowsStandalone target not found
Refreshing native plugins compatible for Editor in 0.35 ms, found 1 plugins.
Preloading 0 native plugins for Editor in 0.00 ms.
Mono: successfully reloaded assembly
- Completed reload, in  0.771 seconds
Platform modules already initialized, skipping
Refreshing native plugins compatible for Editor in 0.34 ms, found 1 plugins.
Preloading 0 native plugins for Editor in 0.00 ms.
Unloading 1827 Unused Serialized files (Serialized files now loaded: 0)
System memory in use before: 89.8 MB.
System memory in use after: 89.8 MB.

Unloading 12 unused Assets to reduce memory usage. Loaded Objects now: 2322.
Total: 1.766200 ms (FindLiveObjects: 0.208600 ms CreateObjectMapping: 0.048700 ms MarkObjects: 1.397300 ms  DeleteObjects: 0.110700 ms)

========================================================================
Received Prepare
Registering precompiled user dll's ...
Registered in 0.000710 seconds.
Begin MonoManager ReloadAssembly
Native extension for WindowsStandalone target not found
Refreshing native plugins compatible for Editor in 0.34 ms, found 1 plugins.
Preloading 0 native plugins for Editor in 0.00 ms.
Mono: successfully reloaded assembly
- Completed reload, in  0.760 seconds
Platform modules already initialized, skipping
Refreshing native plugins compatible for Editor in 0.33 ms, found 1 plugins.
Preloading 0 native plugins for Editor in 0.00 ms.
Unloading 1827 Unused Serialized files (Serialized files now loaded: 0)
System memory in use before: 89.8 MB.
System memory in use after: 89.8 MB.

Unloading 12 unused Assets to reduce memory usage. Loaded Objects now: 2326.
Total: 1.690800 ms (FindLiveObjects: 0.199200 ms CreateObjectMapping: 0.045400 ms MarkObjects: 1.342600 ms  DeleteObjects: 0.102500 ms)

========================================================================
Received Prepare
Registering precompiled user dll's ...
Registered in 0.000775 seconds.
Begin MonoManager ReloadAssembly
Native extension for WindowsStandalone target not found
Refreshing native plugins compatible for Editor in 0.35 ms, found 1 plugins.
Preloading 0 native plugins for Editor in 0.00 ms.
Mono: successfully reloaded assembly
- Completed reload, in  0.766 seconds
Platform modules already initialized, skipping
Refreshing native plugins compatible for Editor in 0.34 ms, found 1 plugins.
Preloading 0 native plugins for Editor in 0.00 ms.
Unloading 1827 Unused Serialized files (Serialized files now loaded: 0)
System memory in use before: 89.8 MB.
System memory in use after: 89.8 MB.

Unloading 12 unused Assets to reduce memory usage. Loaded Objects now: 2330.
Total: 1.684600 ms (FindLiveObjects: 0.202100 ms CreateObjectMapping: 0.045200 ms MarkObjects: 1.327700 ms  DeleteObjects: 0.108500 ms)

========================================================================
Received Import Request.
  Time since last request: 368.084558 seconds.
  path: Assets/Prefabs/stage1/doong.prefab
  artifactKey: Guid(1fc528ff3cdd5524e9cd5764f8286e41) Importer(815301076,1909f56bfc062723c751e8b465ee728b)
Start importing Assets/Prefabs/stage1/doong.prefab using Guid(1fc528ff3cdd5524e9cd5764f8286e41) Importer(815301076,1909f56bfc062723c751e8b465ee728b)  -> (artifact id: '10ee7446b30e32491671f644f2de407e') in 0.054177 seconds
  Import took 0.056793 seconds .

========================================================================
Received Import Request.
  Time since last request: 1.704451 seconds.
  path: Assets/Prefabs/stage1/doong.prefab
  artifactKey: Guid(1fc528ff3cdd5524e9cd5764f8286e41) Importer(815301076,1909f56bfc062723c751e8b465ee728b)
Start importing Assets/Prefabs/stage1/doong.prefab using Guid(1fc528ff3cdd5524e9cd5764f8286e41) Importer(815301076,1909f56bfc062723c751e8b465ee728b)  -> (artifact id: '84922f92f73d294fd8a241a7539c05a2') in 0.007073 seconds
  Import took 0.009843 seconds .

========================================================================
Received Prepare
Registering precompiled user dll's ...
Registered in 0.000725 seconds.
Begin MonoManager ReloadAssembly
Native extension for WindowsStandalone target not found
Refreshing native plugins compatible for Editor in 0.35 ms, found 1 plugins.
Preloading 0 native plugins for Editor in 0.00 ms.
Mono: successfully reloaded assembly
- Completed reload, in  0.757 seconds
Platform modules already initialized, skipping
Refreshing native plugins compatible for Editor in 0.35 ms, found 1 plugins.
Preloading 0 native plugins for Editor in 0.00 ms.
Unloading 1827 Unused Serialized files (Serialized files now loaded: 0)
System memory in use before: 89.8 MB.
System memory in use after: 89.8 MB.

Unloading 12 unused Assets to reduce memory usage. Loaded Objects now: 2335.
Total: 1.752900 ms (FindLiveObjects: 0.218100 ms CreateObjectMapping: 0.050300 ms MarkObjects: 1.383500 ms  DeleteObjects: 0.099700 ms)

========================================================================
Received Import Request.
  Time since last request: 255.244464 seconds.
  path: Assets/Scripts/PlayerController.cs
  artifactKey: Guid(e00a6994dec748543b1a1b1b2380b3c2) Importer(815301076,1909f56bfc062723c751e8b465ee728b)
Start importing Assets/Scripts/PlayerController.cs using Guid(e00a6994dec748543b1a1b1b2380b3c2) Importer(815301076,1909f56bfc062723c751e8b465ee728b)  -> (artifact id: '614c509d24e4b9ddac051818c805e463') in 0.011071 seconds
  Import took 0.013679 seconds .

========================================================================
Received Import Request.
  Time since last request: 0.013640 seconds.
  path: Assets/Scripts/PlayerController.cs
  artifactKey: Guid(e00a6994dec748543b1a1b1b2380b3c2) Importer(815301076,1909f56bfc062723c751e8b465ee728b)
Start importing Assets/Scripts/PlayerController.cs using Guid(e00a6994dec748543b1a1b1b2380b3c2) Importer(815301076,1909f56bfc062723c751e8b465ee728b)  -> (artifact id: '614c509d24e4b9ddac051818c805e463') in 0.001485 seconds
  Import took 0.003826 seconds .

========================================================================
Received Prepare
Registering precompiled user dll's ...
Registered in 0.000770 seconds.
Begin MonoManager ReloadAssembly
Native extension for WindowsStandalone target not found
Refreshing native plugins compatible for Editor in 0.34 ms, found 1 plugins.
Preloading 0 native plugins for Editor in 0.00 ms.
Mono: successfully reloaded assembly
- Completed reload, in  0.765 seconds
Platform modules already initialized, skipping
Refreshing native plugins compatible for Editor in 0.35 ms, found 1 plugins.
Preloading 0 native plugins for Editor in 0.00 ms.
Unloading 1827 Unused Serialized files (Serialized files now loaded: 0)
System memory in use before: 89.8 MB.
System memory in use after: 89.8 MB.

Unloading 12 unused Assets to reduce memory usage. Loaded Objects now: 2339.
Total: 1.706800 ms (FindLiveObjects: 0.185400 ms CreateObjectMapping: 0.051700 ms MarkObjects: 1.372300 ms  DeleteObjects: 0.096200 ms)

========================================================================
Received Import Request.
  Time since last request: 25.854108 seconds.
  path: Assets/Scripts/PlayerController.cs
  artifactKey: Guid(e00a6994dec748543b1a1b1b2380b3c2) Importer(815301076,1909f56bfc062723c751e8b465ee728b)
Start importing Assets/Scripts/PlayerController.cs using Guid(e00a6994dec748543b1a1b1b2380b3c2) Importer(815301076,1909f56bfc062723c751e8b465ee728b)  -> (artifact id: 'f1955150de1c69c61e94bf3b1869df7c') in 0.003912 seconds
  Import took 0.006465 seconds .

========================================================================
Received Import Request.
  Time since last request: 0.021413 seconds.
  path: Assets/Scripts/PlayerController.cs
  artifactKey: Guid(e00a6994dec748543b1a1b1b2380b3c2) Importer(815301076,1909f56bfc062723c751e8b465ee728b)
Start importing Assets/Scripts/PlayerController.cs using Guid(e00a6994dec748543b1a1b1b2380b3c2) Importer(815301076,1909f56bfc062723c751e8b465ee728b)  -> (artifact id: 'f1955150de1c69c61e94bf3b1869df7c') in 0.001711 seconds
  Import took 0.004201 seconds .

========================================================================
Received Prepare
Registering precompiled user dll's ...
Registered in 0.000793 seconds.
Begin MonoManager ReloadAssembly
Native extension for WindowsStandalone target not found
Refreshing native plugins compatible for Editor in 0.34 ms, found 1 plugins.
Preloading 0 native plugins for Editor in 0.00 ms.
Mono: successfully reloaded assembly
- Completed reload, in  0.761 seconds
Platform modules already initialized, skipping
Refreshing native plugins compatible for Editor in 0.34 ms, found 1 plugins.
Preloading 0 native plugins for Editor in 0.00 ms.
Unloading 1827 Unused Serialized files (Serialized files now loaded: 0)
System memory in use before: 89.8 MB.
System memory in use after: 89.8 MB.

Unloading 12 unused Assets to reduce memory usage. Loaded Objects now: 2343.
Total: 1.778100 ms (FindLiveObjects: 0.207000 ms CreateObjectMapping: 0.046500 ms MarkObjects: 1.402000 ms  DeleteObjects: 0.121400 ms)

